:: loading settings :: url = jar:file:/opt/bitnami/spark/jars/ivy-2.5.0.jar!/org/apache/ivy/core/settings/ivysettings.xml
Ivy Default Cache set to: /opt/bitnami/spark/.ivy2/cache
The jars for the packages stored in: /opt/bitnami/spark/.ivy2/jars
org.apache.spark#spark-sql-kafka-0-10_2.12 added as a dependency
:: resolving dependencies :: org.apache.spark#spark-submit-parent-e70ee289-9d5a-48ee-ad03-35d3de18495c;1.0
	confs: [default]
	found org.apache.spark#spark-sql-kafka-0-10_2.12;3.0.0 in central
	found org.apache.spark#spark-token-provider-kafka-0-10_2.12;3.0.0 in central
	found org.apache.kafka#kafka-clients;2.4.1 in central
	found com.github.luben#zstd-jni;1.4.4-3 in central
	found org.lz4#lz4-java;1.7.1 in central
	found org.xerial.snappy#snappy-java;1.1.7.5 in central
	found org.slf4j#slf4j-api;1.7.30 in central
	found org.spark-project.spark#unused;1.0.0 in central
	found org.apache.commons#commons-pool2;2.6.2 in central
:: resolution report :: resolve 1025ms :: artifacts dl 64ms
	:: modules in use:
	com.github.luben#zstd-jni;1.4.4-3 from central in [default]
	org.apache.commons#commons-pool2;2.6.2 from central in [default]
	org.apache.kafka#kafka-clients;2.4.1 from central in [default]
	org.apache.spark#spark-sql-kafka-0-10_2.12;3.0.0 from central in [default]
	org.apache.spark#spark-token-provider-kafka-0-10_2.12;3.0.0 from central in [default]
	org.lz4#lz4-java;1.7.1 from central in [default]
	org.slf4j#slf4j-api;1.7.30 from central in [default]
	org.spark-project.spark#unused;1.0.0 from central in [default]
	org.xerial.snappy#snappy-java;1.1.7.5 from central in [default]
	---------------------------------------------------------------------
	|                  |            modules            ||   artifacts   |
	|       conf       | number| search|dwnlded|evicted|| number|dwnlded|
	---------------------------------------------------------------------
	|      default     |   9   |   0   |   0   |   0   ||   9   |   0   |
	---------------------------------------------------------------------
:: retrieving :: org.apache.spark#spark-submit-parent-e70ee289-9d5a-48ee-ad03-35d3de18495c
	confs: [default]
	0 artifacts copied, 9 already retrieved (0kB/22ms)
23/06/29 05:36:23 WARN NativeCodeLoader: Unable to load native-hadoop library for your platform... using builtin-java classes where applicable
Using Spark's default log4j profile: org/apache/spark/log4j-defaults.properties
23/06/29 05:36:24 INFO SparkContext: Running Spark version 3.2.1
23/06/29 05:36:24 INFO ResourceUtils: ==============================================================
23/06/29 05:36:24 INFO ResourceUtils: No custom resources configured for spark.driver.
23/06/29 05:36:24 INFO ResourceUtils: ==============================================================
23/06/29 05:36:24 INFO SparkContext: Submitted application: STEDI
23/06/29 05:36:24 INFO ResourceProfile: Default ResourceProfile created, executor resources: Map(cores -> name: cores, amount: 1, script: , vendor: , memory -> name: memory, amount: 1024, script: , vendor: , offHeap -> name: offHeap, amount: 0, script: , vendor: ), task resources: Map(cpus -> name: cpus, amount: 1.0)
23/06/29 05:36:24 INFO ResourceProfile: Limiting resource is cpu
23/06/29 05:36:24 INFO ResourceProfileManager: Added ResourceProfile id: 0
23/06/29 05:36:24 INFO SecurityManager: Changing view acls to: spark
23/06/29 05:36:24 INFO SecurityManager: Changing modify acls to: spark
23/06/29 05:36:24 INFO SecurityManager: Changing view acls groups to: 
23/06/29 05:36:24 INFO SecurityManager: Changing modify acls groups to: 
23/06/29 05:36:24 INFO SecurityManager: SecurityManager: authentication disabled; ui acls disabled; users  with view permissions: Set(spark); groups with view permissions: Set(); users  with modify permissions: Set(spark); groups with modify permissions: Set()
23/06/29 05:36:24 INFO Utils: Successfully started service 'sparkDriver' on port 44833.
23/06/29 05:36:24 INFO SparkEnv: Registering MapOutputTracker
23/06/29 05:36:25 INFO SparkEnv: Registering BlockManagerMaster
23/06/29 05:36:25 INFO BlockManagerMasterEndpoint: Using org.apache.spark.storage.DefaultTopologyMapper for getting topology information
23/06/29 05:36:25 INFO BlockManagerMasterEndpoint: BlockManagerMasterEndpoint up
23/06/29 05:36:25 INFO SparkEnv: Registering BlockManagerMasterHeartbeat
23/06/29 05:36:25 INFO DiskBlockManager: Created local directory at /tmp/blockmgr-a8633d78-c527-4c6e-adf6-924a70899a1f
23/06/29 05:36:25 INFO MemoryStore: MemoryStore started with capacity 366.3 MiB
23/06/29 05:36:25 INFO SparkEnv: Registering OutputCommitCoordinator
23/06/29 05:36:25 INFO Utils: Successfully started service 'SparkUI' on port 4040.
23/06/29 05:36:25 INFO SparkUI: Bound SparkUI to 0.0.0.0, and started at http://ffae6fcc9e76:4040
23/06/29 05:36:25 INFO SparkContext: Added JAR file:///opt/bitnami/spark/.ivy2/jars/org.apache.spark_spark-sql-kafka-0-10_2.12-3.0.0.jar at spark://ffae6fcc9e76:44833/jars/org.apache.spark_spark-sql-kafka-0-10_2.12-3.0.0.jar with timestamp 1688016984448
23/06/29 05:36:25 INFO SparkContext: Added JAR file:///opt/bitnami/spark/.ivy2/jars/org.apache.spark_spark-token-provider-kafka-0-10_2.12-3.0.0.jar at spark://ffae6fcc9e76:44833/jars/org.apache.spark_spark-token-provider-kafka-0-10_2.12-3.0.0.jar with timestamp 1688016984448
23/06/29 05:36:25 INFO SparkContext: Added JAR file:///opt/bitnami/spark/.ivy2/jars/org.apache.kafka_kafka-clients-2.4.1.jar at spark://ffae6fcc9e76:44833/jars/org.apache.kafka_kafka-clients-2.4.1.jar with timestamp 1688016984448
23/06/29 05:36:25 INFO SparkContext: Added JAR file:///opt/bitnami/spark/.ivy2/jars/org.apache.commons_commons-pool2-2.6.2.jar at spark://ffae6fcc9e76:44833/jars/org.apache.commons_commons-pool2-2.6.2.jar with timestamp 1688016984448
23/06/29 05:36:25 INFO SparkContext: Added JAR file:///opt/bitnami/spark/.ivy2/jars/org.spark-project.spark_unused-1.0.0.jar at spark://ffae6fcc9e76:44833/jars/org.spark-project.spark_unused-1.0.0.jar with timestamp 1688016984448
23/06/29 05:36:25 INFO SparkContext: Added JAR file:///opt/bitnami/spark/.ivy2/jars/com.github.luben_zstd-jni-1.4.4-3.jar at spark://ffae6fcc9e76:44833/jars/com.github.luben_zstd-jni-1.4.4-3.jar with timestamp 1688016984448
23/06/29 05:36:25 INFO SparkContext: Added JAR file:///opt/bitnami/spark/.ivy2/jars/org.lz4_lz4-java-1.7.1.jar at spark://ffae6fcc9e76:44833/jars/org.lz4_lz4-java-1.7.1.jar with timestamp 1688016984448
23/06/29 05:36:25 INFO SparkContext: Added JAR file:///opt/bitnami/spark/.ivy2/jars/org.xerial.snappy_snappy-java-1.1.7.5.jar at spark://ffae6fcc9e76:44833/jars/org.xerial.snappy_snappy-java-1.1.7.5.jar with timestamp 1688016984448
23/06/29 05:36:25 INFO SparkContext: Added JAR file:///opt/bitnami/spark/.ivy2/jars/org.slf4j_slf4j-api-1.7.30.jar at spark://ffae6fcc9e76:44833/jars/org.slf4j_slf4j-api-1.7.30.jar with timestamp 1688016984448
23/06/29 05:36:25 INFO SparkContext: Added file file:///opt/bitnami/spark/.ivy2/jars/org.apache.spark_spark-sql-kafka-0-10_2.12-3.0.0.jar at file:///opt/bitnami/spark/.ivy2/jars/org.apache.spark_spark-sql-kafka-0-10_2.12-3.0.0.jar with timestamp 1688016984448
23/06/29 05:36:25 INFO Utils: Copying /opt/bitnami/spark/.ivy2/jars/org.apache.spark_spark-sql-kafka-0-10_2.12-3.0.0.jar to /tmp/spark-c9ad1b20-76f7-45fc-962b-8f7a5d276eb5/userFiles-e627c145-ee31-479f-9804-0d6ee8a8db70/org.apache.spark_spark-sql-kafka-0-10_2.12-3.0.0.jar
23/06/29 05:36:25 INFO SparkContext: Added file file:///opt/bitnami/spark/.ivy2/jars/org.apache.spark_spark-token-provider-kafka-0-10_2.12-3.0.0.jar at file:///opt/bitnami/spark/.ivy2/jars/org.apache.spark_spark-token-provider-kafka-0-10_2.12-3.0.0.jar with timestamp 1688016984448
23/06/29 05:36:25 INFO Utils: Copying /opt/bitnami/spark/.ivy2/jars/org.apache.spark_spark-token-provider-kafka-0-10_2.12-3.0.0.jar to /tmp/spark-c9ad1b20-76f7-45fc-962b-8f7a5d276eb5/userFiles-e627c145-ee31-479f-9804-0d6ee8a8db70/org.apache.spark_spark-token-provider-kafka-0-10_2.12-3.0.0.jar
23/06/29 05:36:25 INFO SparkContext: Added file file:///opt/bitnami/spark/.ivy2/jars/org.apache.kafka_kafka-clients-2.4.1.jar at file:///opt/bitnami/spark/.ivy2/jars/org.apache.kafka_kafka-clients-2.4.1.jar with timestamp 1688016984448
23/06/29 05:36:25 INFO Utils: Copying /opt/bitnami/spark/.ivy2/jars/org.apache.kafka_kafka-clients-2.4.1.jar to /tmp/spark-c9ad1b20-76f7-45fc-962b-8f7a5d276eb5/userFiles-e627c145-ee31-479f-9804-0d6ee8a8db70/org.apache.kafka_kafka-clients-2.4.1.jar
23/06/29 05:36:25 INFO SparkContext: Added file file:///opt/bitnami/spark/.ivy2/jars/org.apache.commons_commons-pool2-2.6.2.jar at file:///opt/bitnami/spark/.ivy2/jars/org.apache.commons_commons-pool2-2.6.2.jar with timestamp 1688016984448
23/06/29 05:36:25 INFO Utils: Copying /opt/bitnami/spark/.ivy2/jars/org.apache.commons_commons-pool2-2.6.2.jar to /tmp/spark-c9ad1b20-76f7-45fc-962b-8f7a5d276eb5/userFiles-e627c145-ee31-479f-9804-0d6ee8a8db70/org.apache.commons_commons-pool2-2.6.2.jar
23/06/29 05:36:26 INFO SparkContext: Added file file:///opt/bitnami/spark/.ivy2/jars/org.spark-project.spark_unused-1.0.0.jar at file:///opt/bitnami/spark/.ivy2/jars/org.spark-project.spark_unused-1.0.0.jar with timestamp 1688016984448
23/06/29 05:36:26 INFO Utils: Copying /opt/bitnami/spark/.ivy2/jars/org.spark-project.spark_unused-1.0.0.jar to /tmp/spark-c9ad1b20-76f7-45fc-962b-8f7a5d276eb5/userFiles-e627c145-ee31-479f-9804-0d6ee8a8db70/org.spark-project.spark_unused-1.0.0.jar
23/06/29 05:36:26 INFO SparkContext: Added file file:///opt/bitnami/spark/.ivy2/jars/com.github.luben_zstd-jni-1.4.4-3.jar at file:///opt/bitnami/spark/.ivy2/jars/com.github.luben_zstd-jni-1.4.4-3.jar with timestamp 1688016984448
23/06/29 05:36:26 INFO Utils: Copying /opt/bitnami/spark/.ivy2/jars/com.github.luben_zstd-jni-1.4.4-3.jar to /tmp/spark-c9ad1b20-76f7-45fc-962b-8f7a5d276eb5/userFiles-e627c145-ee31-479f-9804-0d6ee8a8db70/com.github.luben_zstd-jni-1.4.4-3.jar
23/06/29 05:36:26 INFO SparkContext: Added file file:///opt/bitnami/spark/.ivy2/jars/org.lz4_lz4-java-1.7.1.jar at file:///opt/bitnami/spark/.ivy2/jars/org.lz4_lz4-java-1.7.1.jar with timestamp 1688016984448
23/06/29 05:36:26 INFO Utils: Copying /opt/bitnami/spark/.ivy2/jars/org.lz4_lz4-java-1.7.1.jar to /tmp/spark-c9ad1b20-76f7-45fc-962b-8f7a5d276eb5/userFiles-e627c145-ee31-479f-9804-0d6ee8a8db70/org.lz4_lz4-java-1.7.1.jar
23/06/29 05:36:26 INFO SparkContext: Added file file:///opt/bitnami/spark/.ivy2/jars/org.xerial.snappy_snappy-java-1.1.7.5.jar at file:///opt/bitnami/spark/.ivy2/jars/org.xerial.snappy_snappy-java-1.1.7.5.jar with timestamp 1688016984448
23/06/29 05:36:26 INFO Utils: Copying /opt/bitnami/spark/.ivy2/jars/org.xerial.snappy_snappy-java-1.1.7.5.jar to /tmp/spark-c9ad1b20-76f7-45fc-962b-8f7a5d276eb5/userFiles-e627c145-ee31-479f-9804-0d6ee8a8db70/org.xerial.snappy_snappy-java-1.1.7.5.jar
23/06/29 05:36:26 INFO SparkContext: Added file file:///opt/bitnami/spark/.ivy2/jars/org.slf4j_slf4j-api-1.7.30.jar at file:///opt/bitnami/spark/.ivy2/jars/org.slf4j_slf4j-api-1.7.30.jar with timestamp 1688016984448
23/06/29 05:36:26 INFO Utils: Copying /opt/bitnami/spark/.ivy2/jars/org.slf4j_slf4j-api-1.7.30.jar to /tmp/spark-c9ad1b20-76f7-45fc-962b-8f7a5d276eb5/userFiles-e627c145-ee31-479f-9804-0d6ee8a8db70/org.slf4j_slf4j-api-1.7.30.jar
23/06/29 05:36:26 INFO Executor: Starting executor ID driver on host ffae6fcc9e76
23/06/29 05:36:26 INFO Executor: Fetching file:///opt/bitnami/spark/.ivy2/jars/org.apache.spark_spark-token-provider-kafka-0-10_2.12-3.0.0.jar with timestamp 1688016984448
23/06/29 05:36:26 INFO Utils: /opt/bitnami/spark/.ivy2/jars/org.apache.spark_spark-token-provider-kafka-0-10_2.12-3.0.0.jar has been previously copied to /tmp/spark-c9ad1b20-76f7-45fc-962b-8f7a5d276eb5/userFiles-e627c145-ee31-479f-9804-0d6ee8a8db70/org.apache.spark_spark-token-provider-kafka-0-10_2.12-3.0.0.jar
23/06/29 05:36:26 INFO Executor: Fetching file:///opt/bitnami/spark/.ivy2/jars/com.github.luben_zstd-jni-1.4.4-3.jar with timestamp 1688016984448
23/06/29 05:36:26 INFO Utils: /opt/bitnami/spark/.ivy2/jars/com.github.luben_zstd-jni-1.4.4-3.jar has been previously copied to /tmp/spark-c9ad1b20-76f7-45fc-962b-8f7a5d276eb5/userFiles-e627c145-ee31-479f-9804-0d6ee8a8db70/com.github.luben_zstd-jni-1.4.4-3.jar
23/06/29 05:36:26 INFO Executor: Fetching file:///opt/bitnami/spark/.ivy2/jars/org.xerial.snappy_snappy-java-1.1.7.5.jar with timestamp 1688016984448
23/06/29 05:36:26 INFO Utils: /opt/bitnami/spark/.ivy2/jars/org.xerial.snappy_snappy-java-1.1.7.5.jar has been previously copied to /tmp/spark-c9ad1b20-76f7-45fc-962b-8f7a5d276eb5/userFiles-e627c145-ee31-479f-9804-0d6ee8a8db70/org.xerial.snappy_snappy-java-1.1.7.5.jar
23/06/29 05:36:26 INFO Executor: Fetching file:///opt/bitnami/spark/.ivy2/jars/org.apache.kafka_kafka-clients-2.4.1.jar with timestamp 1688016984448
23/06/29 05:36:26 INFO Utils: /opt/bitnami/spark/.ivy2/jars/org.apache.kafka_kafka-clients-2.4.1.jar has been previously copied to /tmp/spark-c9ad1b20-76f7-45fc-962b-8f7a5d276eb5/userFiles-e627c145-ee31-479f-9804-0d6ee8a8db70/org.apache.kafka_kafka-clients-2.4.1.jar
23/06/29 05:36:26 INFO Executor: Fetching file:///opt/bitnami/spark/.ivy2/jars/org.apache.spark_spark-sql-kafka-0-10_2.12-3.0.0.jar with timestamp 1688016984448
23/06/29 05:36:26 INFO Utils: /opt/bitnami/spark/.ivy2/jars/org.apache.spark_spark-sql-kafka-0-10_2.12-3.0.0.jar has been previously copied to /tmp/spark-c9ad1b20-76f7-45fc-962b-8f7a5d276eb5/userFiles-e627c145-ee31-479f-9804-0d6ee8a8db70/org.apache.spark_spark-sql-kafka-0-10_2.12-3.0.0.jar
23/06/29 05:36:26 INFO Executor: Fetching file:///opt/bitnami/spark/.ivy2/jars/org.apache.commons_commons-pool2-2.6.2.jar with timestamp 1688016984448
23/06/29 05:36:26 INFO Utils: /opt/bitnami/spark/.ivy2/jars/org.apache.commons_commons-pool2-2.6.2.jar has been previously copied to /tmp/spark-c9ad1b20-76f7-45fc-962b-8f7a5d276eb5/userFiles-e627c145-ee31-479f-9804-0d6ee8a8db70/org.apache.commons_commons-pool2-2.6.2.jar
23/06/29 05:36:26 INFO Executor: Fetching file:///opt/bitnami/spark/.ivy2/jars/org.spark-project.spark_unused-1.0.0.jar with timestamp 1688016984448
23/06/29 05:36:26 INFO Utils: /opt/bitnami/spark/.ivy2/jars/org.spark-project.spark_unused-1.0.0.jar has been previously copied to /tmp/spark-c9ad1b20-76f7-45fc-962b-8f7a5d276eb5/userFiles-e627c145-ee31-479f-9804-0d6ee8a8db70/org.spark-project.spark_unused-1.0.0.jar
23/06/29 05:36:26 INFO Executor: Fetching file:///opt/bitnami/spark/.ivy2/jars/org.lz4_lz4-java-1.7.1.jar with timestamp 1688016984448
23/06/29 05:36:26 INFO Utils: /opt/bitnami/spark/.ivy2/jars/org.lz4_lz4-java-1.7.1.jar has been previously copied to /tmp/spark-c9ad1b20-76f7-45fc-962b-8f7a5d276eb5/userFiles-e627c145-ee31-479f-9804-0d6ee8a8db70/org.lz4_lz4-java-1.7.1.jar
23/06/29 05:36:26 INFO Executor: Fetching file:///opt/bitnami/spark/.ivy2/jars/org.slf4j_slf4j-api-1.7.30.jar with timestamp 1688016984448
23/06/29 05:36:26 INFO Utils: /opt/bitnami/spark/.ivy2/jars/org.slf4j_slf4j-api-1.7.30.jar has been previously copied to /tmp/spark-c9ad1b20-76f7-45fc-962b-8f7a5d276eb5/userFiles-e627c145-ee31-479f-9804-0d6ee8a8db70/org.slf4j_slf4j-api-1.7.30.jar
23/06/29 05:36:26 INFO Executor: Fetching spark://ffae6fcc9e76:44833/jars/org.xerial.snappy_snappy-java-1.1.7.5.jar with timestamp 1688016984448
23/06/29 05:36:26 INFO TransportClientFactory: Successfully created connection to ffae6fcc9e76/172.23.0.4:44833 after 60 ms (0 ms spent in bootstraps)
23/06/29 05:36:26 INFO Utils: Fetching spark://ffae6fcc9e76:44833/jars/org.xerial.snappy_snappy-java-1.1.7.5.jar to /tmp/spark-c9ad1b20-76f7-45fc-962b-8f7a5d276eb5/userFiles-e627c145-ee31-479f-9804-0d6ee8a8db70/fetchFileTemp4751419445139243571.tmp
23/06/29 05:36:26 INFO Utils: /tmp/spark-c9ad1b20-76f7-45fc-962b-8f7a5d276eb5/userFiles-e627c145-ee31-479f-9804-0d6ee8a8db70/fetchFileTemp4751419445139243571.tmp has been previously copied to /tmp/spark-c9ad1b20-76f7-45fc-962b-8f7a5d276eb5/userFiles-e627c145-ee31-479f-9804-0d6ee8a8db70/org.xerial.snappy_snappy-java-1.1.7.5.jar
23/06/29 05:36:27 INFO Executor: Adding file:/tmp/spark-c9ad1b20-76f7-45fc-962b-8f7a5d276eb5/userFiles-e627c145-ee31-479f-9804-0d6ee8a8db70/org.xerial.snappy_snappy-java-1.1.7.5.jar to class loader
23/06/29 05:36:27 INFO Executor: Fetching spark://ffae6fcc9e76:44833/jars/com.github.luben_zstd-jni-1.4.4-3.jar with timestamp 1688016984448
23/06/29 05:36:27 INFO Utils: Fetching spark://ffae6fcc9e76:44833/jars/com.github.luben_zstd-jni-1.4.4-3.jar to /tmp/spark-c9ad1b20-76f7-45fc-962b-8f7a5d276eb5/userFiles-e627c145-ee31-479f-9804-0d6ee8a8db70/fetchFileTemp891881733236188049.tmp
23/06/29 05:36:27 INFO Utils: /tmp/spark-c9ad1b20-76f7-45fc-962b-8f7a5d276eb5/userFiles-e627c145-ee31-479f-9804-0d6ee8a8db70/fetchFileTemp891881733236188049.tmp has been previously copied to /tmp/spark-c9ad1b20-76f7-45fc-962b-8f7a5d276eb5/userFiles-e627c145-ee31-479f-9804-0d6ee8a8db70/com.github.luben_zstd-jni-1.4.4-3.jar
23/06/29 05:36:27 INFO Executor: Adding file:/tmp/spark-c9ad1b20-76f7-45fc-962b-8f7a5d276eb5/userFiles-e627c145-ee31-479f-9804-0d6ee8a8db70/com.github.luben_zstd-jni-1.4.4-3.jar to class loader
23/06/29 05:36:27 INFO Executor: Fetching spark://ffae6fcc9e76:44833/jars/org.slf4j_slf4j-api-1.7.30.jar with timestamp 1688016984448
23/06/29 05:36:27 INFO Utils: Fetching spark://ffae6fcc9e76:44833/jars/org.slf4j_slf4j-api-1.7.30.jar to /tmp/spark-c9ad1b20-76f7-45fc-962b-8f7a5d276eb5/userFiles-e627c145-ee31-479f-9804-0d6ee8a8db70/fetchFileTemp8177360052362606113.tmp
23/06/29 05:36:27 INFO Utils: /tmp/spark-c9ad1b20-76f7-45fc-962b-8f7a5d276eb5/userFiles-e627c145-ee31-479f-9804-0d6ee8a8db70/fetchFileTemp8177360052362606113.tmp has been previously copied to /tmp/spark-c9ad1b20-76f7-45fc-962b-8f7a5d276eb5/userFiles-e627c145-ee31-479f-9804-0d6ee8a8db70/org.slf4j_slf4j-api-1.7.30.jar
23/06/29 05:36:27 INFO Executor: Adding file:/tmp/spark-c9ad1b20-76f7-45fc-962b-8f7a5d276eb5/userFiles-e627c145-ee31-479f-9804-0d6ee8a8db70/org.slf4j_slf4j-api-1.7.30.jar to class loader
23/06/29 05:36:27 INFO Executor: Fetching spark://ffae6fcc9e76:44833/jars/org.apache.commons_commons-pool2-2.6.2.jar with timestamp 1688016984448
23/06/29 05:36:27 INFO Utils: Fetching spark://ffae6fcc9e76:44833/jars/org.apache.commons_commons-pool2-2.6.2.jar to /tmp/spark-c9ad1b20-76f7-45fc-962b-8f7a5d276eb5/userFiles-e627c145-ee31-479f-9804-0d6ee8a8db70/fetchFileTemp4523859412515999374.tmp
23/06/29 05:36:27 INFO Utils: /tmp/spark-c9ad1b20-76f7-45fc-962b-8f7a5d276eb5/userFiles-e627c145-ee31-479f-9804-0d6ee8a8db70/fetchFileTemp4523859412515999374.tmp has been previously copied to /tmp/spark-c9ad1b20-76f7-45fc-962b-8f7a5d276eb5/userFiles-e627c145-ee31-479f-9804-0d6ee8a8db70/org.apache.commons_commons-pool2-2.6.2.jar
23/06/29 05:36:27 INFO Executor: Adding file:/tmp/spark-c9ad1b20-76f7-45fc-962b-8f7a5d276eb5/userFiles-e627c145-ee31-479f-9804-0d6ee8a8db70/org.apache.commons_commons-pool2-2.6.2.jar to class loader
23/06/29 05:36:27 INFO Executor: Fetching spark://ffae6fcc9e76:44833/jars/org.lz4_lz4-java-1.7.1.jar with timestamp 1688016984448
23/06/29 05:36:27 INFO Utils: Fetching spark://ffae6fcc9e76:44833/jars/org.lz4_lz4-java-1.7.1.jar to /tmp/spark-c9ad1b20-76f7-45fc-962b-8f7a5d276eb5/userFiles-e627c145-ee31-479f-9804-0d6ee8a8db70/fetchFileTemp6835145427008085304.tmp
23/06/29 05:36:27 INFO Utils: /tmp/spark-c9ad1b20-76f7-45fc-962b-8f7a5d276eb5/userFiles-e627c145-ee31-479f-9804-0d6ee8a8db70/fetchFileTemp6835145427008085304.tmp has been previously copied to /tmp/spark-c9ad1b20-76f7-45fc-962b-8f7a5d276eb5/userFiles-e627c145-ee31-479f-9804-0d6ee8a8db70/org.lz4_lz4-java-1.7.1.jar
23/06/29 05:36:27 INFO Executor: Adding file:/tmp/spark-c9ad1b20-76f7-45fc-962b-8f7a5d276eb5/userFiles-e627c145-ee31-479f-9804-0d6ee8a8db70/org.lz4_lz4-java-1.7.1.jar to class loader
23/06/29 05:36:27 INFO Executor: Fetching spark://ffae6fcc9e76:44833/jars/org.apache.kafka_kafka-clients-2.4.1.jar with timestamp 1688016984448
23/06/29 05:36:27 INFO Utils: Fetching spark://ffae6fcc9e76:44833/jars/org.apache.kafka_kafka-clients-2.4.1.jar to /tmp/spark-c9ad1b20-76f7-45fc-962b-8f7a5d276eb5/userFiles-e627c145-ee31-479f-9804-0d6ee8a8db70/fetchFileTemp807127116285334000.tmp
23/06/29 05:36:27 INFO Utils: /tmp/spark-c9ad1b20-76f7-45fc-962b-8f7a5d276eb5/userFiles-e627c145-ee31-479f-9804-0d6ee8a8db70/fetchFileTemp807127116285334000.tmp has been previously copied to /tmp/spark-c9ad1b20-76f7-45fc-962b-8f7a5d276eb5/userFiles-e627c145-ee31-479f-9804-0d6ee8a8db70/org.apache.kafka_kafka-clients-2.4.1.jar
23/06/29 05:36:27 INFO Executor: Adding file:/tmp/spark-c9ad1b20-76f7-45fc-962b-8f7a5d276eb5/userFiles-e627c145-ee31-479f-9804-0d6ee8a8db70/org.apache.kafka_kafka-clients-2.4.1.jar to class loader
23/06/29 05:36:27 INFO Executor: Fetching spark://ffae6fcc9e76:44833/jars/org.spark-project.spark_unused-1.0.0.jar with timestamp 1688016984448
23/06/29 05:36:27 INFO Utils: Fetching spark://ffae6fcc9e76:44833/jars/org.spark-project.spark_unused-1.0.0.jar to /tmp/spark-c9ad1b20-76f7-45fc-962b-8f7a5d276eb5/userFiles-e627c145-ee31-479f-9804-0d6ee8a8db70/fetchFileTemp4578431810612838443.tmp
23/06/29 05:36:27 INFO Utils: /tmp/spark-c9ad1b20-76f7-45fc-962b-8f7a5d276eb5/userFiles-e627c145-ee31-479f-9804-0d6ee8a8db70/fetchFileTemp4578431810612838443.tmp has been previously copied to /tmp/spark-c9ad1b20-76f7-45fc-962b-8f7a5d276eb5/userFiles-e627c145-ee31-479f-9804-0d6ee8a8db70/org.spark-project.spark_unused-1.0.0.jar
23/06/29 05:36:27 INFO Executor: Adding file:/tmp/spark-c9ad1b20-76f7-45fc-962b-8f7a5d276eb5/userFiles-e627c145-ee31-479f-9804-0d6ee8a8db70/org.spark-project.spark_unused-1.0.0.jar to class loader
23/06/29 05:36:27 INFO Executor: Fetching spark://ffae6fcc9e76:44833/jars/org.apache.spark_spark-token-provider-kafka-0-10_2.12-3.0.0.jar with timestamp 1688016984448
23/06/29 05:36:27 INFO Utils: Fetching spark://ffae6fcc9e76:44833/jars/org.apache.spark_spark-token-provider-kafka-0-10_2.12-3.0.0.jar to /tmp/spark-c9ad1b20-76f7-45fc-962b-8f7a5d276eb5/userFiles-e627c145-ee31-479f-9804-0d6ee8a8db70/fetchFileTemp1568805435639460794.tmp
23/06/29 05:36:27 INFO Utils: /tmp/spark-c9ad1b20-76f7-45fc-962b-8f7a5d276eb5/userFiles-e627c145-ee31-479f-9804-0d6ee8a8db70/fetchFileTemp1568805435639460794.tmp has been previously copied to /tmp/spark-c9ad1b20-76f7-45fc-962b-8f7a5d276eb5/userFiles-e627c145-ee31-479f-9804-0d6ee8a8db70/org.apache.spark_spark-token-provider-kafka-0-10_2.12-3.0.0.jar
23/06/29 05:36:27 INFO Executor: Adding file:/tmp/spark-c9ad1b20-76f7-45fc-962b-8f7a5d276eb5/userFiles-e627c145-ee31-479f-9804-0d6ee8a8db70/org.apache.spark_spark-token-provider-kafka-0-10_2.12-3.0.0.jar to class loader
23/06/29 05:36:27 INFO Executor: Fetching spark://ffae6fcc9e76:44833/jars/org.apache.spark_spark-sql-kafka-0-10_2.12-3.0.0.jar with timestamp 1688016984448
23/06/29 05:36:27 INFO Utils: Fetching spark://ffae6fcc9e76:44833/jars/org.apache.spark_spark-sql-kafka-0-10_2.12-3.0.0.jar to /tmp/spark-c9ad1b20-76f7-45fc-962b-8f7a5d276eb5/userFiles-e627c145-ee31-479f-9804-0d6ee8a8db70/fetchFileTemp8117912904203980732.tmp
23/06/29 05:36:27 INFO Utils: /tmp/spark-c9ad1b20-76f7-45fc-962b-8f7a5d276eb5/userFiles-e627c145-ee31-479f-9804-0d6ee8a8db70/fetchFileTemp8117912904203980732.tmp has been previously copied to /tmp/spark-c9ad1b20-76f7-45fc-962b-8f7a5d276eb5/userFiles-e627c145-ee31-479f-9804-0d6ee8a8db70/org.apache.spark_spark-sql-kafka-0-10_2.12-3.0.0.jar
23/06/29 05:36:27 INFO Executor: Adding file:/tmp/spark-c9ad1b20-76f7-45fc-962b-8f7a5d276eb5/userFiles-e627c145-ee31-479f-9804-0d6ee8a8db70/org.apache.spark_spark-sql-kafka-0-10_2.12-3.0.0.jar to class loader
23/06/29 05:36:27 INFO Utils: Successfully started service 'org.apache.spark.network.netty.NettyBlockTransferService' on port 33599.
23/06/29 05:36:27 INFO NettyBlockTransferService: Server created on ffae6fcc9e76:33599
23/06/29 05:36:27 INFO BlockManager: Using org.apache.spark.storage.RandomBlockReplicationPolicy for block replication policy
23/06/29 05:36:27 INFO BlockManagerMaster: Registering BlockManager BlockManagerId(driver, ffae6fcc9e76, 33599, None)
23/06/29 05:36:27 INFO BlockManagerMasterEndpoint: Registering block manager ffae6fcc9e76:33599 with 366.3 MiB RAM, BlockManagerId(driver, ffae6fcc9e76, 33599, None)
23/06/29 05:36:27 INFO BlockManagerMaster: Registered BlockManager BlockManagerId(driver, ffae6fcc9e76, 33599, None)
23/06/29 05:36:27 INFO BlockManager: Initialized BlockManager: BlockManagerId(driver, ffae6fcc9e76, 33599, None)
23/06/29 05:36:28 INFO SharedState: Setting hive.metastore.warehouse.dir ('null') to the value of spark.sql.warehouse.dir.
23/06/29 05:36:28 INFO SharedState: Warehouse path is 'file:/opt/bitnami/spark/spark-warehouse'.
23/06/29 05:36:33 WARN ResolveWriteToStream: Temporary checkpoint location created which is deleted normally when the query didn't fail: /tmp/temporary-2d7a089f-4794-4b32-a5ba-8177db382ae4. If it's required to delete it under any circumstances, please set spark.sql.streaming.forceDeleteTempCheckpointLocation to true. Important to know deleting temp checkpoint folder is best effort.
23/06/29 05:36:33 WARN ResolveWriteToStream: spark.sql.adaptive.enabled is not supported in streaming DataFrames/Datasets and will be disabled.
23/06/29 05:36:35 WARN NetworkClient: [Consumer clientId=consumer-spark-kafka-source-f81c5d1f-3fab-4809-85a6-ad81f1a7062c-339934902-driver-0-1, groupId=spark-kafka-source-f81c5d1f-3fab-4809-85a6-ad81f1a7062c-339934902-driver-0] Connection to node -1 (localhost/127.0.0.1:9092) could not be established. Broker may not be available.
23/06/29 05:36:35 WARN NetworkClient: [Consumer clientId=consumer-spark-kafka-source-f81c5d1f-3fab-4809-85a6-ad81f1a7062c-339934902-driver-0-1, groupId=spark-kafka-source-f81c5d1f-3fab-4809-85a6-ad81f1a7062c-339934902-driver-0] Bootstrap broker localhost:9092 (id: -1 rack: null) disconnected
23/06/29 05:36:35 WARN NetworkClient: [Consumer clientId=consumer-spark-kafka-source-f81c5d1f-3fab-4809-85a6-ad81f1a7062c-339934902-driver-0-1, groupId=spark-kafka-source-f81c5d1f-3fab-4809-85a6-ad81f1a7062c-339934902-driver-0] Connection to node -1 (localhost/127.0.0.1:9092) could not be established. Broker may not be available.
23/06/29 05:36:35 WARN NetworkClient: [Consumer clientId=consumer-spark-kafka-source-f81c5d1f-3fab-4809-85a6-ad81f1a7062c-339934902-driver-0-1, groupId=spark-kafka-source-f81c5d1f-3fab-4809-85a6-ad81f1a7062c-339934902-driver-0] Bootstrap broker localhost:9092 (id: -1 rack: null) disconnected
23/06/29 05:36:35 WARN NetworkClient: [Consumer clientId=consumer-spark-kafka-source-f81c5d1f-3fab-4809-85a6-ad81f1a7062c-339934902-driver-0-1, groupId=spark-kafka-source-f81c5d1f-3fab-4809-85a6-ad81f1a7062c-339934902-driver-0] Connection to node -1 (localhost/127.0.0.1:9092) could not be established. Broker may not be available.
23/06/29 05:36:35 WARN NetworkClient: [Consumer clientId=consumer-spark-kafka-source-f81c5d1f-3fab-4809-85a6-ad81f1a7062c-339934902-driver-0-1, groupId=spark-kafka-source-f81c5d1f-3fab-4809-85a6-ad81f1a7062c-339934902-driver-0] Bootstrap broker localhost:9092 (id: -1 rack: null) disconnected
23/06/29 05:36:35 WARN NetworkClient: [Consumer clientId=consumer-spark-kafka-source-f81c5d1f-3fab-4809-85a6-ad81f1a7062c-339934902-driver-0-1, groupId=spark-kafka-source-f81c5d1f-3fab-4809-85a6-ad81f1a7062c-339934902-driver-0] Connection to node -1 (localhost/127.0.0.1:9092) could not be established. Broker may not be available.
23/06/29 05:36:35 WARN NetworkClient: [Consumer clientId=consumer-spark-kafka-source-f81c5d1f-3fab-4809-85a6-ad81f1a7062c-339934902-driver-0-1, groupId=spark-kafka-source-f81c5d1f-3fab-4809-85a6-ad81f1a7062c-339934902-driver-0] Bootstrap broker localhost:9092 (id: -1 rack: null) disconnected
23/06/29 05:36:36 WARN NetworkClient: [Consumer clientId=consumer-spark-kafka-source-f81c5d1f-3fab-4809-85a6-ad81f1a7062c-339934902-driver-0-1, groupId=spark-kafka-source-f81c5d1f-3fab-4809-85a6-ad81f1a7062c-339934902-driver-0] Connection to node -1 (localhost/127.0.0.1:9092) could not be established. Broker may not be available.
23/06/29 05:36:36 WARN NetworkClient: [Consumer clientId=consumer-spark-kafka-source-f81c5d1f-3fab-4809-85a6-ad81f1a7062c-339934902-driver-0-1, groupId=spark-kafka-source-f81c5d1f-3fab-4809-85a6-ad81f1a7062c-339934902-driver-0] Bootstrap broker localhost:9092 (id: -1 rack: null) disconnected
23/06/29 05:36:36 WARN NetworkClient: [Consumer clientId=consumer-spark-kafka-source-f81c5d1f-3fab-4809-85a6-ad81f1a7062c-339934902-driver-0-1, groupId=spark-kafka-source-f81c5d1f-3fab-4809-85a6-ad81f1a7062c-339934902-driver-0] Connection to node -1 (localhost/127.0.0.1:9092) could not be established. Broker may not be available.
23/06/29 05:36:37 WARN NetworkClient: [Consumer clientId=consumer-spark-kafka-source-f81c5d1f-3fab-4809-85a6-ad81f1a7062c-339934902-driver-0-1, groupId=spark-kafka-source-f81c5d1f-3fab-4809-85a6-ad81f1a7062c-339934902-driver-0] Bootstrap broker localhost:9092 (id: -1 rack: null) disconnected
23/06/29 05:36:37 WARN NetworkClient: [Consumer clientId=consumer-spark-kafka-source-f81c5d1f-3fab-4809-85a6-ad81f1a7062c-339934902-driver-0-1, groupId=spark-kafka-source-f81c5d1f-3fab-4809-85a6-ad81f1a7062c-339934902-driver-0] Connection to node -1 (localhost/127.0.0.1:9092) could not be established. Broker may not be available.
23/06/29 05:36:37 WARN NetworkClient: [Consumer clientId=consumer-spark-kafka-source-f81c5d1f-3fab-4809-85a6-ad81f1a7062c-339934902-driver-0-1, groupId=spark-kafka-source-f81c5d1f-3fab-4809-85a6-ad81f1a7062c-339934902-driver-0] Bootstrap broker localhost:9092 (id: -1 rack: null) disconnected
23/06/29 05:36:39 WARN NetworkClient: [Consumer clientId=consumer-spark-kafka-source-f81c5d1f-3fab-4809-85a6-ad81f1a7062c-339934902-driver-0-1, groupId=spark-kafka-source-f81c5d1f-3fab-4809-85a6-ad81f1a7062c-339934902-driver-0] Connection to node -1 (localhost/127.0.0.1:9092) could not be established. Broker may not be available.
23/06/29 05:36:39 WARN NetworkClient: [Consumer clientId=consumer-spark-kafka-source-f81c5d1f-3fab-4809-85a6-ad81f1a7062c-339934902-driver-0-1, groupId=spark-kafka-source-f81c5d1f-3fab-4809-85a6-ad81f1a7062c-339934902-driver-0] Bootstrap broker localhost:9092 (id: -1 rack: null) disconnected
23/06/29 05:36:40 WARN NetworkClient: [Consumer clientId=consumer-spark-kafka-source-f81c5d1f-3fab-4809-85a6-ad81f1a7062c-339934902-driver-0-1, groupId=spark-kafka-source-f81c5d1f-3fab-4809-85a6-ad81f1a7062c-339934902-driver-0] Connection to node -1 (localhost/127.0.0.1:9092) could not be established. Broker may not be available.
23/06/29 05:36:40 WARN NetworkClient: [Consumer clientId=consumer-spark-kafka-source-f81c5d1f-3fab-4809-85a6-ad81f1a7062c-339934902-driver-0-1, groupId=spark-kafka-source-f81c5d1f-3fab-4809-85a6-ad81f1a7062c-339934902-driver-0] Bootstrap broker localhost:9092 (id: -1 rack: null) disconnected
23/06/29 05:36:40 WARN NetworkClient: [Consumer clientId=consumer-spark-kafka-source-f81c5d1f-3fab-4809-85a6-ad81f1a7062c-339934902-driver-0-1, groupId=spark-kafka-source-f81c5d1f-3fab-4809-85a6-ad81f1a7062c-339934902-driver-0] Connection to node -1 (localhost/127.0.0.1:9092) could not be established. Broker may not be available.
23/06/29 05:36:40 WARN NetworkClient: [Consumer clientId=consumer-spark-kafka-source-f81c5d1f-3fab-4809-85a6-ad81f1a7062c-339934902-driver-0-1, groupId=spark-kafka-source-f81c5d1f-3fab-4809-85a6-ad81f1a7062c-339934902-driver-0] Bootstrap broker localhost:9092 (id: -1 rack: null) disconnected
23/06/29 05:36:42 WARN NetworkClient: [Consumer clientId=consumer-spark-kafka-source-f81c5d1f-3fab-4809-85a6-ad81f1a7062c-339934902-driver-0-1, groupId=spark-kafka-source-f81c5d1f-3fab-4809-85a6-ad81f1a7062c-339934902-driver-0] Connection to node -1 (localhost/127.0.0.1:9092) could not be established. Broker may not be available.
23/06/29 05:36:42 WARN NetworkClient: [Consumer clientId=consumer-spark-kafka-source-f81c5d1f-3fab-4809-85a6-ad81f1a7062c-339934902-driver-0-1, groupId=spark-kafka-source-f81c5d1f-3fab-4809-85a6-ad81f1a7062c-339934902-driver-0] Bootstrap broker localhost:9092 (id: -1 rack: null) disconnected
23/06/29 05:36:43 WARN NetworkClient: [Consumer clientId=consumer-spark-kafka-source-f81c5d1f-3fab-4809-85a6-ad81f1a7062c-339934902-driver-0-1, groupId=spark-kafka-source-f81c5d1f-3fab-4809-85a6-ad81f1a7062c-339934902-driver-0] Connection to node -1 (localhost/127.0.0.1:9092) could not be established. Broker may not be available.
23/06/29 05:36:43 WARN NetworkClient: [Consumer clientId=consumer-spark-kafka-source-f81c5d1f-3fab-4809-85a6-ad81f1a7062c-339934902-driver-0-1, groupId=spark-kafka-source-f81c5d1f-3fab-4809-85a6-ad81f1a7062c-339934902-driver-0] Bootstrap broker localhost:9092 (id: -1 rack: null) disconnected
23/06/29 05:36:44 WARN NetworkClient: [Consumer clientId=consumer-spark-kafka-source-f81c5d1f-3fab-4809-85a6-ad81f1a7062c-339934902-driver-0-1, groupId=spark-kafka-source-f81c5d1f-3fab-4809-85a6-ad81f1a7062c-339934902-driver-0] Connection to node -1 (localhost/127.0.0.1:9092) could not be established. Broker may not be available.
23/06/29 05:36:44 WARN NetworkClient: [Consumer clientId=consumer-spark-kafka-source-f81c5d1f-3fab-4809-85a6-ad81f1a7062c-339934902-driver-0-1, groupId=spark-kafka-source-f81c5d1f-3fab-4809-85a6-ad81f1a7062c-339934902-driver-0] Bootstrap broker localhost:9092 (id: -1 rack: null) disconnected
23/06/29 05:36:45 WARN NetworkClient: [Consumer clientId=consumer-spark-kafka-source-f81c5d1f-3fab-4809-85a6-ad81f1a7062c-339934902-driver-0-1, groupId=spark-kafka-source-f81c5d1f-3fab-4809-85a6-ad81f1a7062c-339934902-driver-0] Connection to node -1 (localhost/127.0.0.1:9092) could not be established. Broker may not be available.
23/06/29 05:36:45 WARN NetworkClient: [Consumer clientId=consumer-spark-kafka-source-f81c5d1f-3fab-4809-85a6-ad81f1a7062c-339934902-driver-0-1, groupId=spark-kafka-source-f81c5d1f-3fab-4809-85a6-ad81f1a7062c-339934902-driver-0] Bootstrap broker localhost:9092 (id: -1 rack: null) disconnected
23/06/29 05:36:46 WARN NetworkClient: [Consumer clientId=consumer-spark-kafka-source-f81c5d1f-3fab-4809-85a6-ad81f1a7062c-339934902-driver-0-1, groupId=spark-kafka-source-f81c5d1f-3fab-4809-85a6-ad81f1a7062c-339934902-driver-0] Connection to node -1 (localhost/127.0.0.1:9092) could not be established. Broker may not be available.
23/06/29 05:36:46 WARN NetworkClient: [Consumer clientId=consumer-spark-kafka-source-f81c5d1f-3fab-4809-85a6-ad81f1a7062c-339934902-driver-0-1, groupId=spark-kafka-source-f81c5d1f-3fab-4809-85a6-ad81f1a7062c-339934902-driver-0] Bootstrap broker localhost:9092 (id: -1 rack: null) disconnected
23/06/29 05:36:47 WARN NetworkClient: [Consumer clientId=consumer-spark-kafka-source-f81c5d1f-3fab-4809-85a6-ad81f1a7062c-339934902-driver-0-1, groupId=spark-kafka-source-f81c5d1f-3fab-4809-85a6-ad81f1a7062c-339934902-driver-0] Connection to node -1 (localhost/127.0.0.1:9092) could not be established. Broker may not be available.
23/06/29 05:36:47 WARN NetworkClient: [Consumer clientId=consumer-spark-kafka-source-f81c5d1f-3fab-4809-85a6-ad81f1a7062c-339934902-driver-0-1, groupId=spark-kafka-source-f81c5d1f-3fab-4809-85a6-ad81f1a7062c-339934902-driver-0] Bootstrap broker localhost:9092 (id: -1 rack: null) disconnected
23/06/29 05:36:48 WARN NetworkClient: [Consumer clientId=consumer-spark-kafka-source-f81c5d1f-3fab-4809-85a6-ad81f1a7062c-339934902-driver-0-1, groupId=spark-kafka-source-f81c5d1f-3fab-4809-85a6-ad81f1a7062c-339934902-driver-0] Connection to node -1 (localhost/127.0.0.1:9092) could not be established. Broker may not be available.
23/06/29 05:36:48 WARN NetworkClient: [Consumer clientId=consumer-spark-kafka-source-f81c5d1f-3fab-4809-85a6-ad81f1a7062c-339934902-driver-0-1, groupId=spark-kafka-source-f81c5d1f-3fab-4809-85a6-ad81f1a7062c-339934902-driver-0] Bootstrap broker localhost:9092 (id: -1 rack: null) disconnected
23/06/29 05:36:49 WARN NetworkClient: [Consumer clientId=consumer-spark-kafka-source-f81c5d1f-3fab-4809-85a6-ad81f1a7062c-339934902-driver-0-1, groupId=spark-kafka-source-f81c5d1f-3fab-4809-85a6-ad81f1a7062c-339934902-driver-0] Connection to node -1 (localhost/127.0.0.1:9092) could not be established. Broker may not be available.
23/06/29 05:36:49 WARN NetworkClient: [Consumer clientId=consumer-spark-kafka-source-f81c5d1f-3fab-4809-85a6-ad81f1a7062c-339934902-driver-0-1, groupId=spark-kafka-source-f81c5d1f-3fab-4809-85a6-ad81f1a7062c-339934902-driver-0] Bootstrap broker localhost:9092 (id: -1 rack: null) disconnected
23/06/29 05:36:50 WARN NetworkClient: [Consumer clientId=consumer-spark-kafka-source-f81c5d1f-3fab-4809-85a6-ad81f1a7062c-339934902-driver-0-1, groupId=spark-kafka-source-f81c5d1f-3fab-4809-85a6-ad81f1a7062c-339934902-driver-0] Connection to node -1 (localhost/127.0.0.1:9092) could not be established. Broker may not be available.
23/06/29 05:36:50 WARN NetworkClient: [Consumer clientId=consumer-spark-kafka-source-f81c5d1f-3fab-4809-85a6-ad81f1a7062c-339934902-driver-0-1, groupId=spark-kafka-source-f81c5d1f-3fab-4809-85a6-ad81f1a7062c-339934902-driver-0] Bootstrap broker localhost:9092 (id: -1 rack: null) disconnected
23/06/29 05:36:51 WARN NetworkClient: [Consumer clientId=consumer-spark-kafka-source-f81c5d1f-3fab-4809-85a6-ad81f1a7062c-339934902-driver-0-1, groupId=spark-kafka-source-f81c5d1f-3fab-4809-85a6-ad81f1a7062c-339934902-driver-0] Connection to node -1 (localhost/127.0.0.1:9092) could not be established. Broker may not be available.
23/06/29 05:36:51 WARN NetworkClient: [Consumer clientId=consumer-spark-kafka-source-f81c5d1f-3fab-4809-85a6-ad81f1a7062c-339934902-driver-0-1, groupId=spark-kafka-source-f81c5d1f-3fab-4809-85a6-ad81f1a7062c-339934902-driver-0] Bootstrap broker localhost:9092 (id: -1 rack: null) disconnected
23/06/29 05:36:52 WARN NetworkClient: [Consumer clientId=consumer-spark-kafka-source-f81c5d1f-3fab-4809-85a6-ad81f1a7062c-339934902-driver-0-1, groupId=spark-kafka-source-f81c5d1f-3fab-4809-85a6-ad81f1a7062c-339934902-driver-0] Connection to node -1 (localhost/127.0.0.1:9092) could not be established. Broker may not be available.
23/06/29 05:36:52 WARN NetworkClient: [Consumer clientId=consumer-spark-kafka-source-f81c5d1f-3fab-4809-85a6-ad81f1a7062c-339934902-driver-0-1, groupId=spark-kafka-source-f81c5d1f-3fab-4809-85a6-ad81f1a7062c-339934902-driver-0] Bootstrap broker localhost:9092 (id: -1 rack: null) disconnected
23/06/29 05:36:53 WARN NetworkClient: [Consumer clientId=consumer-spark-kafka-source-f81c5d1f-3fab-4809-85a6-ad81f1a7062c-339934902-driver-0-1, groupId=spark-kafka-source-f81c5d1f-3fab-4809-85a6-ad81f1a7062c-339934902-driver-0] Connection to node -1 (localhost/127.0.0.1:9092) could not be established. Broker may not be available.
23/06/29 05:36:53 WARN NetworkClient: [Consumer clientId=consumer-spark-kafka-source-f81c5d1f-3fab-4809-85a6-ad81f1a7062c-339934902-driver-0-1, groupId=spark-kafka-source-f81c5d1f-3fab-4809-85a6-ad81f1a7062c-339934902-driver-0] Bootstrap broker localhost:9092 (id: -1 rack: null) disconnected
23/06/29 05:36:54 WARN NetworkClient: [Consumer clientId=consumer-spark-kafka-source-f81c5d1f-3fab-4809-85a6-ad81f1a7062c-339934902-driver-0-1, groupId=spark-kafka-source-f81c5d1f-3fab-4809-85a6-ad81f1a7062c-339934902-driver-0] Connection to node -1 (localhost/127.0.0.1:9092) could not be established. Broker may not be available.
23/06/29 05:36:54 WARN NetworkClient: [Consumer clientId=consumer-spark-kafka-source-f81c5d1f-3fab-4809-85a6-ad81f1a7062c-339934902-driver-0-1, groupId=spark-kafka-source-f81c5d1f-3fab-4809-85a6-ad81f1a7062c-339934902-driver-0] Bootstrap broker localhost:9092 (id: -1 rack: null) disconnected
23/06/29 05:36:55 WARN NetworkClient: [Consumer clientId=consumer-spark-kafka-source-f81c5d1f-3fab-4809-85a6-ad81f1a7062c-339934902-driver-0-1, groupId=spark-kafka-source-f81c5d1f-3fab-4809-85a6-ad81f1a7062c-339934902-driver-0] Connection to node -1 (localhost/127.0.0.1:9092) could not be established. Broker may not be available.
23/06/29 05:36:55 WARN NetworkClient: [Consumer clientId=consumer-spark-kafka-source-f81c5d1f-3fab-4809-85a6-ad81f1a7062c-339934902-driver-0-1, groupId=spark-kafka-source-f81c5d1f-3fab-4809-85a6-ad81f1a7062c-339934902-driver-0] Bootstrap broker localhost:9092 (id: -1 rack: null) disconnected
23/06/29 05:36:56 WARN NetworkClient: [Consumer clientId=consumer-spark-kafka-source-f81c5d1f-3fab-4809-85a6-ad81f1a7062c-339934902-driver-0-1, groupId=spark-kafka-source-f81c5d1f-3fab-4809-85a6-ad81f1a7062c-339934902-driver-0] Connection to node -1 (localhost/127.0.0.1:9092) could not be established. Broker may not be available.
23/06/29 05:36:56 WARN NetworkClient: [Consumer clientId=consumer-spark-kafka-source-f81c5d1f-3fab-4809-85a6-ad81f1a7062c-339934902-driver-0-1, groupId=spark-kafka-source-f81c5d1f-3fab-4809-85a6-ad81f1a7062c-339934902-driver-0] Bootstrap broker localhost:9092 (id: -1 rack: null) disconnected
23/06/29 05:36:57 WARN NetworkClient: [Consumer clientId=consumer-spark-kafka-source-f81c5d1f-3fab-4809-85a6-ad81f1a7062c-339934902-driver-0-1, groupId=spark-kafka-source-f81c5d1f-3fab-4809-85a6-ad81f1a7062c-339934902-driver-0] Connection to node -1 (localhost/127.0.0.1:9092) could not be established. Broker may not be available.
23/06/29 05:36:57 WARN NetworkClient: [Consumer clientId=consumer-spark-kafka-source-f81c5d1f-3fab-4809-85a6-ad81f1a7062c-339934902-driver-0-1, groupId=spark-kafka-source-f81c5d1f-3fab-4809-85a6-ad81f1a7062c-339934902-driver-0] Bootstrap broker localhost:9092 (id: -1 rack: null) disconnected
23/06/29 05:36:58 WARN NetworkClient: [Consumer clientId=consumer-spark-kafka-source-f81c5d1f-3fab-4809-85a6-ad81f1a7062c-339934902-driver-0-1, groupId=spark-kafka-source-f81c5d1f-3fab-4809-85a6-ad81f1a7062c-339934902-driver-0] Connection to node -1 (localhost/127.0.0.1:9092) could not be established. Broker may not be available.
23/06/29 05:36:58 WARN NetworkClient: [Consumer clientId=consumer-spark-kafka-source-f81c5d1f-3fab-4809-85a6-ad81f1a7062c-339934902-driver-0-1, groupId=spark-kafka-source-f81c5d1f-3fab-4809-85a6-ad81f1a7062c-339934902-driver-0] Bootstrap broker localhost:9092 (id: -1 rack: null) disconnected
23/06/29 05:36:59 WARN NetworkClient: [Consumer clientId=consumer-spark-kafka-source-f81c5d1f-3fab-4809-85a6-ad81f1a7062c-339934902-driver-0-1, groupId=spark-kafka-source-f81c5d1f-3fab-4809-85a6-ad81f1a7062c-339934902-driver-0] Connection to node -1 (localhost/127.0.0.1:9092) could not be established. Broker may not be available.
23/06/29 05:36:59 WARN NetworkClient: [Consumer clientId=consumer-spark-kafka-source-f81c5d1f-3fab-4809-85a6-ad81f1a7062c-339934902-driver-0-1, groupId=spark-kafka-source-f81c5d1f-3fab-4809-85a6-ad81f1a7062c-339934902-driver-0] Bootstrap broker localhost:9092 (id: -1 rack: null) disconnected
23/06/29 05:37:00 WARN NetworkClient: [Consumer clientId=consumer-spark-kafka-source-f81c5d1f-3fab-4809-85a6-ad81f1a7062c-339934902-driver-0-1, groupId=spark-kafka-source-f81c5d1f-3fab-4809-85a6-ad81f1a7062c-339934902-driver-0] Connection to node -1 (localhost/127.0.0.1:9092) could not be established. Broker may not be available.
23/06/29 05:37:00 WARN NetworkClient: [Consumer clientId=consumer-spark-kafka-source-f81c5d1f-3fab-4809-85a6-ad81f1a7062c-339934902-driver-0-1, groupId=spark-kafka-source-f81c5d1f-3fab-4809-85a6-ad81f1a7062c-339934902-driver-0] Bootstrap broker localhost:9092 (id: -1 rack: null) disconnected
23/06/29 05:37:01 WARN NetworkClient: [Consumer clientId=consumer-spark-kafka-source-f81c5d1f-3fab-4809-85a6-ad81f1a7062c-339934902-driver-0-1, groupId=spark-kafka-source-f81c5d1f-3fab-4809-85a6-ad81f1a7062c-339934902-driver-0] Connection to node -1 (localhost/127.0.0.1:9092) could not be established. Broker may not be available.
23/06/29 05:37:01 WARN NetworkClient: [Consumer clientId=consumer-spark-kafka-source-f81c5d1f-3fab-4809-85a6-ad81f1a7062c-339934902-driver-0-1, groupId=spark-kafka-source-f81c5d1f-3fab-4809-85a6-ad81f1a7062c-339934902-driver-0] Bootstrap broker localhost:9092 (id: -1 rack: null) disconnected
23/06/29 05:37:02 WARN NetworkClient: [Consumer clientId=consumer-spark-kafka-source-f81c5d1f-3fab-4809-85a6-ad81f1a7062c-339934902-driver-0-1, groupId=spark-kafka-source-f81c5d1f-3fab-4809-85a6-ad81f1a7062c-339934902-driver-0] Connection to node -1 (localhost/127.0.0.1:9092) could not be established. Broker may not be available.
23/06/29 05:37:02 WARN NetworkClient: [Consumer clientId=consumer-spark-kafka-source-f81c5d1f-3fab-4809-85a6-ad81f1a7062c-339934902-driver-0-1, groupId=spark-kafka-source-f81c5d1f-3fab-4809-85a6-ad81f1a7062c-339934902-driver-0] Bootstrap broker localhost:9092 (id: -1 rack: null) disconnected
23/06/29 05:37:03 WARN NetworkClient: [Consumer clientId=consumer-spark-kafka-source-f81c5d1f-3fab-4809-85a6-ad81f1a7062c-339934902-driver-0-1, groupId=spark-kafka-source-f81c5d1f-3fab-4809-85a6-ad81f1a7062c-339934902-driver-0] Connection to node -1 (localhost/127.0.0.1:9092) could not be established. Broker may not be available.
23/06/29 05:37:03 WARN NetworkClient: [Consumer clientId=consumer-spark-kafka-source-f81c5d1f-3fab-4809-85a6-ad81f1a7062c-339934902-driver-0-1, groupId=spark-kafka-source-f81c5d1f-3fab-4809-85a6-ad81f1a7062c-339934902-driver-0] Bootstrap broker localhost:9092 (id: -1 rack: null) disconnected
23/06/29 05:37:04 WARN NetworkClient: [Consumer clientId=consumer-spark-kafka-source-f81c5d1f-3fab-4809-85a6-ad81f1a7062c-339934902-driver-0-1, groupId=spark-kafka-source-f81c5d1f-3fab-4809-85a6-ad81f1a7062c-339934902-driver-0] Connection to node -1 (localhost/127.0.0.1:9092) could not be established. Broker may not be available.
23/06/29 05:37:04 WARN NetworkClient: [Consumer clientId=consumer-spark-kafka-source-f81c5d1f-3fab-4809-85a6-ad81f1a7062c-339934902-driver-0-1, groupId=spark-kafka-source-f81c5d1f-3fab-4809-85a6-ad81f1a7062c-339934902-driver-0] Bootstrap broker localhost:9092 (id: -1 rack: null) disconnected
23/06/29 05:37:05 WARN NetworkClient: [Consumer clientId=consumer-spark-kafka-source-f81c5d1f-3fab-4809-85a6-ad81f1a7062c-339934902-driver-0-1, groupId=spark-kafka-source-f81c5d1f-3fab-4809-85a6-ad81f1a7062c-339934902-driver-0] Connection to node -1 (localhost/127.0.0.1:9092) could not be established. Broker may not be available.
23/06/29 05:37:05 WARN NetworkClient: [Consumer clientId=consumer-spark-kafka-source-f81c5d1f-3fab-4809-85a6-ad81f1a7062c-339934902-driver-0-1, groupId=spark-kafka-source-f81c5d1f-3fab-4809-85a6-ad81f1a7062c-339934902-driver-0] Bootstrap broker localhost:9092 (id: -1 rack: null) disconnected
23/06/29 05:37:07 WARN NetworkClient: [Consumer clientId=consumer-spark-kafka-source-f81c5d1f-3fab-4809-85a6-ad81f1a7062c-339934902-driver-0-1, groupId=spark-kafka-source-f81c5d1f-3fab-4809-85a6-ad81f1a7062c-339934902-driver-0] Connection to node -1 (localhost/127.0.0.1:9092) could not be established. Broker may not be available.
23/06/29 05:37:07 WARN NetworkClient: [Consumer clientId=consumer-spark-kafka-source-f81c5d1f-3fab-4809-85a6-ad81f1a7062c-339934902-driver-0-1, groupId=spark-kafka-source-f81c5d1f-3fab-4809-85a6-ad81f1a7062c-339934902-driver-0] Bootstrap broker localhost:9092 (id: -1 rack: null) disconnected
23/06/29 05:37:08 WARN NetworkClient: [Consumer clientId=consumer-spark-kafka-source-f81c5d1f-3fab-4809-85a6-ad81f1a7062c-339934902-driver-0-1, groupId=spark-kafka-source-f81c5d1f-3fab-4809-85a6-ad81f1a7062c-339934902-driver-0] Connection to node -1 (localhost/127.0.0.1:9092) could not be established. Broker may not be available.
23/06/29 05:37:08 WARN NetworkClient: [Consumer clientId=consumer-spark-kafka-source-f81c5d1f-3fab-4809-85a6-ad81f1a7062c-339934902-driver-0-1, groupId=spark-kafka-source-f81c5d1f-3fab-4809-85a6-ad81f1a7062c-339934902-driver-0] Bootstrap broker localhost:9092 (id: -1 rack: null) disconnected
23/06/29 05:37:09 WARN NetworkClient: [Consumer clientId=consumer-spark-kafka-source-f81c5d1f-3fab-4809-85a6-ad81f1a7062c-339934902-driver-0-1, groupId=spark-kafka-source-f81c5d1f-3fab-4809-85a6-ad81f1a7062c-339934902-driver-0] Connection to node -1 (localhost/127.0.0.1:9092) could not be established. Broker may not be available.
23/06/29 05:37:09 WARN NetworkClient: [Consumer clientId=consumer-spark-kafka-source-f81c5d1f-3fab-4809-85a6-ad81f1a7062c-339934902-driver-0-1, groupId=spark-kafka-source-f81c5d1f-3fab-4809-85a6-ad81f1a7062c-339934902-driver-0] Bootstrap broker localhost:9092 (id: -1 rack: null) disconnected
23/06/29 05:37:10 WARN NetworkClient: [Consumer clientId=consumer-spark-kafka-source-f81c5d1f-3fab-4809-85a6-ad81f1a7062c-339934902-driver-0-1, groupId=spark-kafka-source-f81c5d1f-3fab-4809-85a6-ad81f1a7062c-339934902-driver-0] Connection to node -1 (localhost/127.0.0.1:9092) could not be established. Broker may not be available.
23/06/29 05:37:10 WARN NetworkClient: [Consumer clientId=consumer-spark-kafka-source-f81c5d1f-3fab-4809-85a6-ad81f1a7062c-339934902-driver-0-1, groupId=spark-kafka-source-f81c5d1f-3fab-4809-85a6-ad81f1a7062c-339934902-driver-0] Bootstrap broker localhost:9092 (id: -1 rack: null) disconnected
^CERROR:root:Exception while sending command.
Traceback (most recent call last):
  File "/opt/bitnami/spark/python/lib/py4j-0.10.9.3-src.zip/py4j/clientserver.py", line 475, in send_command
    answer = smart_decode(self.stream.readline()[:-1])
RuntimeError: reentrant call inside <_io.BufferedReader name=4>

During handling of the above exception, another exception occurred:

Traceback (most recent call last):
  File "/opt/bitnami/spark/python/lib/py4j-0.10.9.3-src.zip/py4j/java_gateway.py", line 1038, in send_command
    response = connection.send_command(command)
  File "/opt/bitnami/spark/python/lib/py4j-0.10.9.3-src.zip/py4j/clientserver.py", line 503, in send_command
    raise Py4JNetworkError(
py4j.protocol.Py4JNetworkError: Error while sending or receiving
ERROR:root:Exception while sending command.
Traceback (most recent call last):
  File "/opt/bitnami/spark/python/lib/py4j-0.10.9.3-src.zip/py4j/clientserver.py", line 475, in send_command
    answer = smart_decode(self.stream.readline()[:-1])
  File "/opt/bitnami/python/lib/python3.8/socket.py", line 669, in readinto
    return self._sock.recv_into(b)
  File "/opt/bitnami/spark/python/lib/pyspark.zip/pyspark/context.py", line 292, in signal_handler
    self.cancelAllJobs()
  File "/opt/bitnami/spark/python/lib/pyspark.zip/pyspark/context.py", line 1195, in cancelAllJobs
    self._jsc.sc().cancelAllJobs()
  File "/opt/bitnami/spark/python/lib/py4j-0.10.9.3-src.zip/py4j/java_gateway.py", line 1321, in __call__
    return_value = get_return_value(
  File "/opt/bitnami/spark/python/lib/pyspark.zip/pyspark/sql/utils.py", line 111, in deco
    return f(*a, **kw)
  File "/opt/bitnami/spark/python/lib/py4j-0.10.9.3-src.zip/py4j/protocol.py", line 334, in get_return_value
    raise Py4JError(
py4j.protocol.Py4JError: An error occurred while calling o14.sc

During handling of the above exception, another exception occurred:

Traceback (most recent call last):
  File "/opt/bitnami/spark/python/lib/py4j-0.10.9.3-src.zip/py4j/java_gateway.py", line 1038, in send_command
    response = connection.send_command(command)
  File "/opt/bitnami/spark/python/lib/py4j-0.10.9.3-src.zip/py4j/clientserver.py", line 503, in send_command
    raise Py4JNetworkError(
py4j.protocol.Py4JNetworkError: Error while sending or receiving
Traceback (most recent call last):
  File "/home/workspace/sparkpykafkajoin.py", line 179, in <module>
    stediRiskScoreStreamingDF.writeStream.outputMode("append").format("console").start().awaitTermination()
  File "/opt/bitnami/spark/python/lib/pyspark.zip/pyspark/sql/streaming.py", line 101, in awaitTermination
  File "/opt/bitnami/spark/python/lib/py4j-0.10.9.3-src.zip/py4j/java_gateway.py", line 1321, in __call__
  File "/opt/bitnami/spark/python/lib/pyspark.zip/pyspark/sql/utils.py", line 111, in deco
  File "/opt/bitnami/spark/python/lib/py4j-0.10.9.3-src.zip/py4j/protocol.py", line 334, in get_return_value
py4j.protocol.Py4JError: An error occurred while calling o100.awaitTermination
